{
  "stats": {
    "suites": 1,
    "tests": 1,
    "passes": 1,
    "pending": 0,
    "failures": 0,
    "start": "2023-10-27T07:58:43.792Z",
    "end": "2023-10-27T07:58:44.214Z",
    "duration": 422,
    "testsRegistered": 1,
    "passPercent": 100,
    "pendingPercent": 0,
    "other": 0,
    "hasOther": false,
    "skipped": 0,
    "hasSkipped": false
  },
  "results": [
    {
      "uuid": "e92bf0e4-76fd-4123-8ca5-b9fa49f25630",
      "title": "",
      "fullFile": "/home/runner/work/user-micro-service/user-micro-service/src/test/smoke_tests.js",
      "file": "/src/test/smoke_tests.js",
      "beforeHooks": [],
      "afterHooks": [],
      "tests": [],
      "suites": [
        {
          "uuid": "d7644c22-101e-4586-b3b0-306d19fbae51",
          "title": "User service smoke tests",
          "fullFile": "/home/runner/work/user-micro-service/user-micro-service/src/test/smoke_tests.js",
          "file": "/src/test/smoke_tests.js",
          "beforeHooks": [],
          "afterHooks": [],
          "tests": [
            {
              "title": "Should be able to get the users",
              "fullTitle": "User service smoke tests Should be able to get the users",
              "timedOut": false,
              "duration": 418,
              "state": "passed",
              "speed": "slow",
              "pass": true,
              "fail": false,
              "pending": false,
              "context": null,
              "code": "const response = await fetch('https://user-task-3kj1.onrender.com/users');\n        expect(response.status).to.equal(200);\n        const data = await response.json();\n        console.log(data);",
              "err": {},
              "uuid": "657a897e-ffc7-4313-bfb9-17be12803c32",
              "parentUUID": "d7644c22-101e-4586-b3b0-306d19fbae51",
              "isHook": false,
              "skipped": false
            }
          ],
          "suites": [],
          "passes": [
            "657a897e-ffc7-4313-bfb9-17be12803c32"
          ],
          "failures": [],
          "pending": [],
          "skipped": [],
          "duration": 418,
          "root": false,
          "rootEmpty": false,
          "_timeout": 2000
        }
      ],
      "passes": [],
      "failures": [],
      "pending": [],
      "skipped": [],
      "duration": 0,
      "root": true,
      "rootEmpty": true,
      "_timeout": 2000
    }
  ],
  "meta": {
    "mocha": {
      "version": "10.2.0"
    },
    "mochawesome": {
      "options": {
        "quiet": false,
        "reportFilename": "mochawesome",
        "saveHtml": true,
        "saveJson": true,
        "consoleReporter": "spec",
        "useInlineDiffs": false,
        "code": true
      },
      "version": "7.1.3"
    },
    "marge": {
      "options": null,
      "version": "6.2.0"
    }
  }
}